<?xml version="1.0" encoding="UTF-8"?>
<!-- Generated by org.testng.reporters.JUnitXMLReporter -->
<testsuite hostname="Saravanans-MBP" ignored="0" name="Test" tests="5" failures="1" timestamp="2019-09-17T16:29:35 PDT" time="0.163" errors="0">
  <testcase name="demo" time="0.012" classname="test.basics"/>
  <testcase name="demo2" time="0.006" classname="test.basics">
    <failure type="java.lang.AssertionError" message="did not expect to find [true] but found [false]">
      <![CDATA[java.lang.AssertionError: did not expect to find [true] but found [false]
at test.basics.demo2(basics.java:21)
at java.util.ArrayList.forEach(ArrayList.java:1249)
... Removed 32 stack frames]]>
    </failure>
  </testcase> <!-- demo2 -->
  <testcase name="carlogin" time="0.003" classname="test.basic3"/>
  <testcase name="houselogin" time="0.004" classname="test.basic3"/>
  <testcase name="loginAPI" time="0.003" classname="test.basic3"/>
</testsuite> <!-- Test -->
