<?xml version="1.0" encoding="UTF-8"?>
<!-- Generated by org.testng.reporters.JUnitXMLReporter -->
<testsuite hostname="Saravanans-MBP" ignored="4" name="WebLogin" tests="2" failures="0" timestamp="2019-09-17T16:29:35 PDT" time="0.022" errors="0">
  <testcase name="login" time="0.003" classname="test.basic2"/>
  <testcase name="loginAPI" time="0.002" classname="test.basic2"/>
  <testcase name="mobileprop" time="0.0" classname="test.basic2">
    <ignored/>
  </testcase> <!-- mobileprop -->
  <testcase name="mobilenav" time="0.0" classname="test.basic2">
    <ignored/>
  </testcase> <!-- mobilenav -->
  <testcase name="mobileloginout" time="0.0" classname="test.basic2">
    <ignored/>
  </testcase> <!-- mobileloginout -->
  <testcase name="mobilelogin" time="0.0" classname="test.basic2">
    <ignored/>
  </testcase> <!-- mobilelogin -->
</testsuite> <!-- WebLogin -->
