<?xml version="1.0" encoding="UTF-8"?>
<testng-results skipped="0" failed="0" ignored="0" total="1" passed="1">
  <reporter-output>
  </reporter-output>
  <suite name="Default suite" duration-ms="3274" started-at="2020-01-10T17:58:38 PST" finished-at="2020-01-10T17:58:42 PST">
    <groups>
    </groups>
    <test name="Default test" duration-ms="3274" started-at="2020-01-10T17:58:38 PST" finished-at="2020-01-10T17:58:42 PST">
      <class name="TC001_Request">
        <test-method status="PASS" signature="getweatherDeatils()[pri:0, instance:TC001_Request@6c49835d]" name="getweatherDeatils" duration-ms="3139" started-at="2020-01-10T17:58:38 PST" finished-at="2020-01-10T17:58:42 PST">
          <reporter-output>
          </reporter-output>
        </test-method> <!-- getweatherDeatils -->
      </class> <!-- TC001_Request -->
    </test> <!-- Default test -->
  </suite> <!-- Default suite -->
</testng-results>
